actionid: py27
msg: envreport
cmdargs: ['/Users/natumyers/Code/flask/developer-code-challenge/.tox/py27/bin/pip', 'freeze']
env: {'VERSIONER_PYTHON_PREFER_32_BIT': 'no', 'TERM_PROGRAM_VERSION': '377', 'LOGNAME': 'natumyers', 'USER': 'natumyers', 'PATH': '/Users/natumyers/Code/flask/developer-code-challenge/.tox/py27/bin:/usr/local/bin:/Library/Frameworks/Python.framework/Versions/3.5/bin:/usr/local/bin:/usr/bin:/bin:/usr/sbin:/sbin', 'HOME': '/Users/natumyers', 'TERM_PROGRAM': 'Apple_Terminal', 'LANG': 'en_CA.UTF-8', 'TERM': 'xterm-256color', 'Apple_PubSub_Socket_Render': '/private/tmp/com.apple.launchd.qxlccOowXt/Render', 'VERSIONER_PYTHON_VERSION': '2.7', 'SHLVL': '1', 'SECURITYSESSIONID': '186a7', 'XPC_FLAGS': '0x0', 'PYTHONHASHSEED': '351193941', 'TMPDIR': '/var/folders/sj/cg0q3lbx785ds7bjtl01nrc80000gp/T/', 'TERM_SESSION_ID': '02AE198C-18BA-4120-92DB-A7C593B4B805', 'XPC_SERVICE_NAME': '0', 'SSH_AUTH_SOCK': '/private/tmp/com.apple.launchd.o0ULJ0wIIK/Listeners', 'VIRTUAL_ENV': '/Users/natumyers/Code/flask/developer-code-challenge/.tox/py27', 'SHELL': '/bin/bash', '_': '/usr/local/bin/tox', 'OLDPWD': '/Users/natumyers/Code/flask', '__CF_USER_TEXT_ENCODING': '0x1F6:0x0:0x52', 'PWD': '/Users/natumyers/Code/flask/developer-code-challenge'}

appdirs==1.4.0
cffi==1.5.2
cryptography==1.2.3
enum34==1.1.2
Flask==0.10.1
gistapi==0.1.0
gunicorn==19.4.5
idna==2.0
ipaddress==1.0.16
itsdangerous==0.24
Jinja2==2.8
MarkupSafe==0.23
ndg-httpsclient==0.4.0
packaging==16.8
py==1.4.32
pyasn1==0.1.9
pycparser==2.14
pyOpenSSL==0.15.1
pyparsing==2.1.10
pytest==3.0.6
requests==2.9.1
six==1.10.0
Werkzeug==0.11.4
